{"level":"info","message":"Listening on port 3900...","timestamp":"2018-07-25T19:02:18.260Z"}
{"level":"info","message":"Connected to mongodb://localhost/vidly...","timestamp":"2018-07-25T19:02:18.281Z"}
{"level":"info","message":"Listening on port 3900...","timestamp":"2018-07-25T19:09:55.035Z"}
{"level":"info","message":"Connected to mongodb://localhost/vidly...","timestamp":"2018-07-25T19:09:55.055Z"}
{"message":"Cannot read property 'isAdmin' of undefined","stack":"TypeError: Cannot read property 'isAdmin' of undefined\n    at module.exports (/Users/moshfeghhamedani/Dropbox/Courses/React/Demo/vidly-api-node/middleware/admin.js:8:17)\n    at /Users/moshfeghhamedani/Dropbox/Courses/React/Demo/vidly-api-node/node_modules/express-async-errors/index.js:17:17\n    at Layer.handle [as handle_request] (/Users/moshfeghhamedani/Dropbox/Courses/React/Demo/vidly-api-node/node_modules/express/lib/router/layer.js:95:5)\n    at next (/Users/moshfeghhamedani/Dropbox/Courses/React/Demo/vidly-api-node/node_modules/express/lib/router/route.js:137:13)\n    at module.exports (/Users/moshfeghhamedani/Dropbox/Courses/React/Demo/vidly-api-node/middleware/auth.js:5:36)\n    at /Users/moshfeghhamedani/Dropbox/Courses/React/Demo/vidly-api-node/node_modules/express-async-errors/index.js:17:17\n    at Layer.handle [as handle_request] (/Users/moshfeghhamedani/Dropbox/Courses/React/Demo/vidly-api-node/node_modules/express/lib/router/layer.js:95:5)\n    at next (/Users/moshfeghhamedani/Dropbox/Courses/React/Demo/vidly-api-node/node_modules/express/lib/router/route.js:137:13)\n    at Route.dispatch (/Users/moshfeghhamedani/Dropbox/Courses/React/Demo/vidly-api-node/node_modules/express/lib/router/route.js:112:3)\n    at /Users/moshfeghhamedani/Dropbox/Courses/React/Demo/vidly-api-node/node_modules/express-async-errors/index.js:17:17\n    at Layer.handle [as handle_request] (/Users/moshfeghhamedani/Dropbox/Courses/React/Demo/vidly-api-node/node_modules/express/lib/router/layer.js:95:5)\n    at /Users/moshfeghhamedani/Dropbox/Courses/React/Demo/vidly-api-node/node_modules/express/lib/router/index.js:281:22\n    at Function.process_params (/Users/moshfeghhamedani/Dropbox/Courses/React/Demo/vidly-api-node/node_modules/express/lib/router/index.js:335:12)\n    at next (/Users/moshfeghhamedani/Dropbox/Courses/React/Demo/vidly-api-node/node_modules/express/lib/router/index.js:275:10)\n    at Function.handle (/Users/moshfeghhamedani/Dropbox/Courses/React/Demo/vidly-api-node/node_modules/express/lib/router/index.js:174:3)\n    at router (/Users/moshfeghhamedani/Dropbox/Courses/React/Demo/vidly-api-node/node_modules/express/lib/router/index.js:47:12)","level":"error","timestamp":"2018-07-25T19:11:08.638Z"}
{"level":"info","message":"Listening on port 3900...","timestamp":"2018-07-25T19:11:36.087Z"}
{"level":"info","message":"Connected to mongodb://localhost/vidly...","timestamp":"2018-07-25T19:11:36.108Z"}
{"level":"info","message":"Listening on port 3900...","timestamp":"2018-07-25T19:11:40.247Z"}
{"level":"info","message":"Connected to mongodb://localhost/vidly...","timestamp":"2018-07-25T19:11:40.267Z"}
{"level":"info","message":"Listening on port 3900...","timestamp":"2018-07-25T19:11:52.261Z"}
{"level":"info","message":"Connected to mongodb://localhost/vidly...","timestamp":"2018-07-25T19:11:52.282Z"}
{"level":"info","message":"Listening on port 3900...","timestamp":"2019-08-28T11:03:23.463Z"}
{"level":"info","message":"Connected to mongodb://localhost/vidly...","timestamp":"2019-08-28T11:03:23.486Z"}
{"level":"info","message":"Listening on port 3900...","timestamp":"2019-08-28T11:03:48.069Z"}
{"level":"info","message":"Connected to mongodb://localhost/vidly_tests...","timestamp":"2019-08-28T11:03:48.105Z"}
{"level":"info","message":"Connected to mongodb://localhost/vidly_tests...","timestamp":"2019-08-28T11:03:48.127Z"}
{"level":"info","message":"Connected to mongodb://localhost/vidly_tests...","timestamp":"2019-08-28T11:03:48.130Z"}
{"level":"info","message":"Listening on port 3900...","timestamp":"2019-08-28T11:03:48.184Z"}
{"level":"info","message":"Listening on port 3900...","timestamp":"2019-08-28T11:03:48.667Z"}
{"level":"info","message":"Listening on port 3900...","timestamp":"2019-08-28T11:04:47.554Z"}
{"level":"info","message":"Listening on port 3900...","timestamp":"2019-08-28T11:04:47.605Z"}
{"level":"info","message":"Listening on port 3900...","timestamp":"2019-08-28T11:04:52.629Z"}
{"level":"info","message":"Connected to mongodb://localhost/vidly_tests...","timestamp":"2019-08-28T11:06:38.401Z"}
{"level":"info","message":"Listening on port 3900...","timestamp":"2019-08-28T11:06:38.397Z"}
{"level":"info","message":"Listening on port 3900...","timestamp":"2019-08-28T11:06:38.422Z"}
{"level":"info","message":"Connected to mongodb://localhost/vidly_tests...","timestamp":"2019-08-28T11:06:38.429Z"}
{"level":"info","message":"Listening on port 3900...","timestamp":"2019-08-28T11:06:38.435Z"}
{"level":"info","message":"Connected to mongodb://localhost/vidly_tests...","timestamp":"2019-08-28T11:06:38.452Z"}
{"level":"info","message":"Listening on port 3900...","timestamp":"2019-08-28T11:07:43.633Z"}
{"level":"info","message":"Connected to mongodb://localhost/vidly_tests...","timestamp":"2019-08-28T11:07:43.668Z"}
{"level":"info","message":"Listening on port 3900...","timestamp":"2019-08-28T11:07:43.674Z"}
{"level":"info","message":"Connected to mongodb://localhost/vidly_tests...","timestamp":"2019-08-28T11:07:43.684Z"}
{"level":"info","message":"Connected to mongodb://localhost/vidly_tests...","timestamp":"2019-08-28T11:07:43.691Z"}
{"level":"info","message":"Listening on port 3900...","timestamp":"2019-08-28T11:07:43.709Z"}
{"level":"info","message":"Listening on port 3900...","timestamp":"2019-08-28T11:13:32.986Z"}
{"level":"info","message":"Connected to mongodb://localhost/vidly_tests...","timestamp":"2019-08-28T11:13:33.013Z"}
{"level":"info","message":"Listening on port 3900...","timestamp":"2019-08-28T11:13:33.020Z"}
{"level":"info","message":"Connected to mongodb://localhost/vidly_tests...","timestamp":"2019-08-28T11:13:33.027Z"}
{"level":"info","message":"Connected to mongodb://localhost/vidly_tests...","timestamp":"2019-08-28T11:13:33.042Z"}
{"level":"info","message":"Listening on port 3900...","timestamp":"2019-08-28T11:13:33.046Z"}
{"level":"info","message":"Listening on port 3900...","timestamp":"2019-08-28T11:14:39.226Z"}
{"level":"info","message":"Connected to mongodb://localhost/vidly_tests...","timestamp":"2019-08-28T11:14:39.263Z"}
{"level":"info","message":"Listening on port 3900...","timestamp":"2019-08-28T11:14:39.281Z"}
{"level":"info","message":"Connected to mongodb://localhost/vidly_tests...","timestamp":"2019-08-28T11:14:39.281Z"}
{"level":"info","message":"Connected to mongodb://localhost/vidly_tests...","timestamp":"2019-08-28T11:14:39.280Z"}
{"level":"info","message":"Listening on port 3900...","timestamp":"2019-08-28T11:14:39.288Z"}
{"level":"info","message":"Listening on port 27017...","timestamp":"2019-08-28T11:14:57.374Z"}
{"level":"info","message":"Listening on port 27017...","timestamp":"2019-08-28T11:14:57.386Z"}
{"level":"info","message":"Listening on port 27017...","timestamp":"2019-08-28T11:14:57.410Z"}
{"level":"info","message":"Listening on port 27017...","timestamp":"2019-08-28T11:15:12.809Z"}
{"level":"info","message":"Listening on port 27017...","timestamp":"2019-08-28T11:15:12.860Z"}
{"level":"info","message":"Listening on port 27017...","timestamp":"2019-08-28T11:15:42.890Z"}
{"level":"info","message":"Listening on port 3900...","timestamp":"2019-08-28T11:16:01.101Z"}
{"level":"info","message":"Listening on port 3900...","timestamp":"2019-08-28T11:16:01.122Z"}
{"level":"info","message":"Listening on port 3900...","timestamp":"2019-08-28T11:16:31.173Z"}
{"level":"info","message":"Listening on port 3900...","timestamp":"2019-08-28T11:19:10.013Z"}
{"level":"info","message":"Listening on port 3900...","timestamp":"2019-08-28T11:19:10.030Z"}
{"level":"info","message":"Listening on port 3900...","timestamp":"2019-08-28T11:19:40.077Z"}
{"level":"info","message":"Listening on port 3900...","timestamp":"2019-08-28T11:21:07.032Z"}
{"level":"info","message":"Listening on port 3900...","timestamp":"2019-08-28T11:21:07.055Z"}
{"level":"info","message":"Listening on port 3900...","timestamp":"2019-08-28T11:21:37.095Z"}
{"level":"info","message":"Listening on port 3900...","timestamp":"2019-08-28T11:26:52.493Z"}
{"level":"info","message":"Listening on port 3900...","timestamp":"2019-08-28T11:26:52.509Z"}
{"level":"info","message":"Listening on port 3900...","timestamp":"2019-08-28T11:26:52.524Z"}
{"level":"info","message":"Listening on port 3900...","timestamp":"2019-08-28T11:29:41.175Z"}
{"level":"info","message":"Listening on port 3900...","timestamp":"2019-08-28T11:29:41.201Z"}
{"level":"info","message":"Listening on port 3900...","timestamp":"2019-08-28T11:29:41.225Z"}
{"level":"info","message":"Listening on port 3900...","timestamp":"2019-08-28T11:31:06.568Z"}
{"level":"info","message":"Listening on port 3900...","timestamp":"2019-08-28T11:59:40.957Z"}
{"level":"info","message":"Listening on port 3900...","timestamp":"2019-08-28T11:59:40.969Z"}
{"level":"info","message":"Listening on port 3900...","timestamp":"2019-08-28T11:59:40.985Z"}
{"level":"info","message":"Listening on port 3900...","timestamp":"2019-08-28T12:05:02.914Z"}
{"level":"info","message":"Listening on port 3900...","timestamp":"2019-08-28T12:05:02.928Z"}
{"level":"info","message":"Listening on port 3900...","timestamp":"2019-08-28T12:05:02.952Z"}
{"level":"info","message":"Listening on port 3900...","timestamp":"2019-08-28T12:07:40.984Z"}
{"level":"info","message":"Listening on port 3900...","timestamp":"2019-08-28T12:07:41.003Z"}
{"level":"info","message":"Listening on port 3900...","timestamp":"2019-08-28T12:07:41.038Z"}
{"level":"info","message":"Listening on port 3900...","timestamp":"2019-08-28T12:10:56.758Z"}
{"level":"info","message":"Listening on port 3900...","timestamp":"2019-08-28T12:10:56.784Z"}
{"level":"info","message":"Listening on port 3900...","timestamp":"2019-08-28T12:10:56.802Z"}
{"level":"info","message":"Listening on port 3900...","timestamp":"2019-08-28T12:12:56.297Z"}
{"level":"info","message":"Listening on port 3900...","timestamp":"2019-08-28T12:12:56.300Z"}
{"level":"info","message":"Listening on port 3900...","timestamp":"2019-08-28T12:12:56.318Z"}
{"level":"info","message":"Listening on port 3900...","timestamp":"2019-08-28T12:14:59.439Z"}
{"level":"info","message":"Listening on port 3900...","timestamp":"2019-08-28T12:14:59.467Z"}
{"level":"info","message":"Listening on port 3900...","timestamp":"2019-08-28T12:15:29.501Z"}
{"level":"info","message":"Listening on port 3900...","timestamp":"2019-08-28T12:15:43.597Z"}
{"level":"info","message":"Listening on port 3900...","timestamp":"2019-08-28T12:15:43.616Z"}
{"level":"info","message":"Listening on port 3900...","timestamp":"2019-08-28T12:16:13.656Z"}
{"level":"info","message":"Listening on port 3900...","timestamp":"2019-08-28T12:17:06.453Z"}
{"level":"info","message":"Listening on port 3900...","timestamp":"2019-08-28T12:17:06.473Z"}
{"level":"info","message":"Listening on port 3900...","timestamp":"2019-08-28T12:17:36.520Z"}
{"level":"info","message":"Listening on port 3900...","timestamp":"2019-08-28T12:21:35.480Z"}
{"level":"info","message":"Listening on port 3900...","timestamp":"2019-08-28T12:21:35.497Z"}
{"level":"info","message":"Listening on port 3900...","timestamp":"2019-08-28T12:22:05.548Z"}
{"level":"info","message":"Listening on port 3900...","timestamp":"2019-08-28T12:31:32.047Z"}
{"level":"info","message":"Listening on port 3900...","timestamp":"2019-08-28T12:31:32.074Z"}
{"level":"info","message":"Listening on port 3900...","timestamp":"2019-08-28T12:32:02.122Z"}
{"level":"info","message":"Listening on port 3900...","timestamp":"2019-08-28T12:34:35.192Z"}
{"level":"info","message":"Listening on port 3900...","timestamp":"2019-08-28T12:34:35.214Z"}
{"level":"info","message":"Listening on port 3900...","timestamp":"2019-08-28T12:35:05.262Z"}
{"level":"info","message":"Listening on port 3900...","timestamp":"2019-08-28T12:35:51.244Z"}
{"level":"info","message":"Listening on port 3900...","timestamp":"2019-08-28T12:35:51.257Z"}
{"level":"info","message":"Listening on port 3900...","timestamp":"2019-08-28T12:35:56.285Z"}
{"level":"info","message":"Listening on port 3900...","timestamp":"2019-08-28T12:36:38.996Z"}
{"level":"info","message":"Connected to mongodb://127.0.0.1:27017/vidly_tests...","timestamp":"2019-08-28T12:36:39.024Z"}
{"level":"info","message":"Listening on port 3900...","timestamp":"2019-08-28T12:36:39.032Z"}
{"level":"info","message":"Connected to mongodb://127.0.0.1:27017/vidly_tests...","timestamp":"2019-08-28T12:36:39.040Z"}
{"level":"info","message":"Connected to mongodb://127.0.0.1:27017/vidly_tests...","timestamp":"2019-08-28T12:36:39.047Z"}
{"level":"info","message":"Listening on port 3900...","timestamp":"2019-08-28T12:36:39.060Z"}
{"level":"info","message":"Listening on port 3900...","timestamp":"2019-08-28T12:39:01.751Z"}
{"level":"info","message":"Connected to mongodb://127.0.0.1:27017/vidly_tests...","timestamp":"2019-08-28T12:39:01.777Z"}
{"level":"info","message":"Listening on port 3900...","timestamp":"2019-08-28T12:39:01.784Z"}
{"level":"info","message":"Connected to mongodb://127.0.0.1:27017/vidly_tests...","timestamp":"2019-08-28T12:39:01.799Z"}
{"level":"info","message":"Connected to mongodb://127.0.0.1:27017/vidly_tests...","timestamp":"2019-08-28T12:39:01.796Z"}
{"level":"info","message":"Listening on port 3900...","timestamp":"2019-08-28T12:39:01.814Z"}
{"level":"info","message":"Connected to mongodb://127.0.0.1:27017/vidly_tests...","timestamp":"2019-08-28T12:39:11.075Z"}
{"level":"info","message":"Listening on port 3900...","timestamp":"2019-08-28T12:39:11.091Z"}
{"level":"info","message":"Listening on port 3900...","timestamp":"2019-08-28T12:39:11.079Z"}
{"level":"info","message":"Connected to mongodb://127.0.0.1:27017/vidly_tests...","timestamp":"2019-08-28T12:39:11.089Z"}
{"level":"info","message":"Listening on port 3900...","timestamp":"2019-08-28T12:39:11.097Z"}
{"level":"info","message":"Connected to mongodb://127.0.0.1:27017/vidly_tests...","timestamp":"2019-08-28T12:39:11.125Z"}
{"level":"info","message":"Listening on port 3900...","timestamp":"2019-08-28T12:41:11.857Z"}
{"level":"info","message":"Connected to mongodb://127.0.0.1:27017/vidly_tests...","timestamp":"2019-08-28T12:41:11.883Z"}
{"level":"info","message":"Listening on port 3900...","timestamp":"2019-08-28T12:41:11.890Z"}
{"level":"info","message":"Connected to mongodb://127.0.0.1:27017/vidly_tests...","timestamp":"2019-08-28T12:41:11.897Z"}
{"level":"info","message":"Connected to mongodb://127.0.0.1:27017/vidly_tests...","timestamp":"2019-08-28T12:41:11.904Z"}
{"level":"info","message":"Listening on port 3900...","timestamp":"2019-08-28T12:41:11.915Z"}
{"level":"info","message":"Listening on port 3900...","timestamp":"2019-08-28T13:36:56.883Z"}
{"level":"info","message":"Listening on port 3900...","timestamp":"2019-08-28T13:38:44.905Z"}
{"level":"info","message":"Connected to mongodb://127.0.0.1:27017/vidly_tests...","timestamp":"2019-08-28T13:38:44.945Z"}
{"level":"info","message":"Connected to mongodb://127.0.0.1:27017/vidly_tests...","timestamp":"2019-08-28T13:38:44.937Z"}
{"level":"info","message":"Listening on port 3900...","timestamp":"2019-08-28T13:38:44.945Z"}
{"level":"info","message":"Connected to mongodb://127.0.0.1:27017/vidly_tests...","timestamp":"2019-08-28T13:38:44.953Z"}
{"level":"info","message":"Listening on port 3900...","timestamp":"2019-08-28T13:38:44.970Z"}
{"level":"info","message":"Listening on port 3900...","timestamp":"2019-08-28T13:39:54.266Z"}
{"level":"info","message":"Connected to mongodb://127.0.0.1:27017/vidly_tests...","timestamp":"2019-08-28T13:39:54.289Z"}
{"level":"info","message":"Connected to mongodb://127.0.0.1:27017/vidly_tests...","timestamp":"2019-08-28T13:39:54.290Z"}
{"level":"info","message":"Listening on port 3900...","timestamp":"2019-08-28T13:39:54.298Z"}
{"level":"info","message":"Listening on port 3900...","timestamp":"2019-08-28T14:18:45.451Z"}
{"level":"info","message":"Listening on port 3900...","timestamp":"2019-08-28T14:25:34.051Z"}
{"level":"info","message":"Connected to mongodb://127.0.0.1:27017/vidly...","timestamp":"2019-08-28T14:25:34.069Z"}
{"level":"info","message":"Listening on port 3900...","timestamp":"2019-08-28T14:58:48.424Z"}
{"level":"info","message":"Connected to mongodb://127.0.0.1:27017/vidly...","timestamp":"2019-08-28T14:58:48.442Z"}
{"level":"info","message":"Listening on port 3900...","timestamp":"2019-08-28T15:02:53.223Z"}
{"level":"info","message":"Connected to mongodb://127.0.0.1:27017/vidly...","timestamp":"2019-08-28T15:02:53.241Z"}
{"level":"info","message":"Listening on port 3900...","timestamp":"2019-08-28T15:10:35.969Z"}
{"level":"info","message":"Connected to mongodb://127.0.0.1:27017/vidly...","timestamp":"2019-08-28T15:10:35.986Z"}
{"level":"info","message":"Listening on port 3900...","timestamp":"2019-08-29T07:59:54.735Z"}
{"level":"info","message":"Connected to mongodb://127.0.0.1:27017/vidly...","timestamp":"2019-08-29T07:59:54.753Z"}
{"message":"Unexpected token } in JSON at position 61","stack":"SyntaxError: Unexpected token } in JSON at position 61\n    at JSON.parse (<anonymous>)\n    at parse (/Users/paulbickell/Documents/projects/react/courses/extmosh/vidly-api-node/node_modules/body-parser/lib/types/json.js:89:19)\n    at /Users/paulbickell/Documents/projects/react/courses/extmosh/vidly-api-node/node_modules/body-parser/lib/read.js:121:18\n    at invokeCallback (/Users/paulbickell/Documents/projects/react/courses/extmosh/vidly-api-node/node_modules/raw-body/index.js:224:16)\n    at done (/Users/paulbickell/Documents/projects/react/courses/extmosh/vidly-api-node/node_modules/raw-body/index.js:213:7)\n    at IncomingMessage.onEnd (/Users/paulbickell/Documents/projects/react/courses/extmosh/vidly-api-node/node_modules/raw-body/index.js:273:7)\n    at IncomingMessage.emit (events.js:208:15)\n    at endReadableNT (_stream_readable.js:1168:12)\n    at processTicksAndRejections (internal/process/task_queues.js:77:11)","expose":true,"statusCode":400,"status":400,"body":"{\n\t\"title\": \"\",\n\t\"\": \"\",\n\t\"\": \"\",\n\t\"\": \"\",\n\t\"\": \"\",\n\t\"\": \"\",\n}","type":"entity.parse.failed","level":"error","timestamp":"2019-08-29T08:02:41.985Z"}
{"level":"info","message":"Listening on port 3900...","timestamp":"2019-08-29T15:40:39.391Z"}
{"level":"info","message":"Connected to mongodb://127.0.0.1:27017/vidly...","timestamp":"2019-08-29T15:40:39.409Z"}
{"level":"info","message":"Listening on port 3900...","timestamp":"2019-08-30T07:28:56.494Z"}
{"level":"info","message":"Connected to mongodb://127.0.0.1:27017/vidly...","timestamp":"2019-08-30T07:28:56.513Z"}
